2025-03-27 09:14:47,674 - INFO - Starting Sentiment Analysis Pipeline...
2025-03-27 09:14:47,674 - INFO - Loading raw data...
2025-03-27 09:14:47,674 - INFO - Opening Excel Files...
2025-03-27 09:14:58,966 - INFO - Data successfully written to raw_tweets table.
2025-03-27 09:14:58,984 - INFO - Preprocessing data...
2025-03-27 09:15:58,151 - INFO - Training the model...
2025-03-27 09:50:28,698 - INFO - Starting Sentiment Analysis Pipeline...
2025-03-27 09:50:28,698 - INFO - Loading raw data...
2025-03-27 09:50:28,698 - INFO - Opening Excel Files...
2025-03-27 09:50:38,688 - INFO - Data successfully written to raw_tweets table.
2025-03-27 09:50:38,702 - INFO - Preprocessing data...
2025-03-27 09:51:39,716 - INFO - Training the model...
2025-03-27 09:52:40,757 - INFO - Starting Sentiment Analysis Pipeline...
2025-03-27 09:52:40,757 - INFO - Loading raw data...
2025-03-27 09:52:40,757 - INFO - Opening Excel Files...
2025-03-27 09:52:50,333 - INFO - Data successfully written to raw_tweets table.
2025-03-27 09:52:50,345 - INFO - Preprocessing data...
2025-03-27 09:53:49,050 - INFO - Training the model...
2025-03-27 09:53:49,361 - INFO - Saving model...
2025-03-27 20:57:56,686 - INFO - Starting Sentiment Analysis Pipeline...
2025-03-27 20:57:56,686 - INFO - Loading raw data...
2025-03-27 20:57:56,686 - INFO - Opening Excel Files...
2025-03-27 20:58:07,344 - INFO - Data successfully written to raw_tweets table.
2025-03-27 20:58:07,345 - INFO - Preprocessing data...
2025-03-27 20:59:06,831 - INFO - Training the model...
2025-03-27 20:59:07,170 - INFO - Saving model...
2025-04-01 12:58:22,793 - INFO - Starting Sentiment Analysis Pipeline...
2025-04-01 12:58:22,793 - INFO - Loading raw data...
2025-04-01 12:58:22,793 - INFO - Opening Excel Files...
2025-04-01 12:58:35,506 - INFO - Data successfully written to raw_tweets table.
2025-04-01 12:58:35,508 - INFO - Preprocessing data...
2025-04-01 13:00:21,624 - INFO - Training the model...
2025-04-01 13:00:22,655 - INFO - Saving model...
2025-04-01 13:13:42,943 - INFO - Starting Sentiment Analysis Pipeline...
2025-04-01 13:13:42,943 - INFO - Loading raw data...
2025-04-01 13:13:42,943 - INFO - Opening Excel Files...
2025-04-01 13:13:53,093 - INFO - Data successfully written to raw_tweets table.
2025-04-01 13:13:53,099 - INFO - Preprocessing data...
2025-04-01 13:14:51,357 - INFO - Training the model...
2025-04-01 13:14:52,313 - INFO - Saving model...
2025-04-01 13:15:33,456 - INFO - Starting Sentiment Analysis Pipeline...
2025-04-01 13:15:33,456 - INFO - Loading raw data...
2025-04-01 13:15:33,456 - INFO - Opening Excel Files...
2025-04-01 13:15:43,221 - INFO - Data successfully written to raw_tweets table.
2025-04-01 13:15:43,223 - INFO - Preprocessing data...
2025-04-01 13:16:41,807 - INFO - Training the model...
2025-04-01 13:16:42,717 - INFO - Saving model...
2025-04-01 13:22:33,086 - INFO - Starting Sentiment Analysis Pipeline...
2025-04-01 13:22:33,086 - INFO - Loading raw data...
2025-04-01 13:22:33,086 - INFO - Opening Excel Files...
2025-04-01 13:22:42,962 - INFO - Data successfully written to raw_tweets table.
2025-04-01 13:22:42,970 - INFO - Preprocessing data...
2025-04-01 13:23:41,127 - INFO - Training the model...
2025-04-01 13:23:41,997 - INFO - Saving model...
2025-04-01 13:27:56,438 - INFO - Starting Sentiment Analysis Pipeline...
2025-04-01 13:27:56,438 - INFO - Loading raw data...
2025-04-01 13:27:56,438 - INFO - Opening Excel Files...
2025-04-01 13:28:06,529 - INFO - Data successfully written to raw_tweets table.
2025-04-01 13:28:06,542 - INFO - Preprocessing data...
2025-04-01 13:29:42,735 - INFO - Training the model...
2025-04-01 13:30:26,320 - INFO - Saving model...
